mode: count
github.com/marioolofo/go-gameengine-ecs/archetype.go:52.75,54.2 1 1
github.com/marioolofo/go-gameengine-ecs/archetype.go:71.65,80.2 3 4
github.com/marioolofo/go-gameengine-ecs/archetype.go:82.74,84.12 2 10010
github.com/marioolofo/go-gameengine-ecs/archetype.go:84.12,85.84 1 1
github.com/marioolofo/go-gameengine-ecs/archetype.go:88.2,91.60 3 10009
github.com/marioolofo/go-gameengine-ecs/archetype.go:94.47,96.8 2 4
github.com/marioolofo/go-gameengine-ecs/archetype.go:96.8,99.3 2 2
github.com/marioolofo/go-gameengine-ecs/archetype.go:102.68,104.9 2 40015
github.com/marioolofo/go-gameengine-ecs/archetype.go:104.9,106.3 1 2
github.com/marioolofo/go-gameengine-ecs/archetype.go:108.2,108.50 1 40013
github.com/marioolofo/go-gameengine-ecs/archetype.go:111.79,113.9 2 3340
github.com/marioolofo/go-gameengine-ecs/archetype.go:113.9,116.3 1 1
github.com/marioolofo/go-gameengine-ecs/archetype.go:119.2,119.65 1 3339
github.com/marioolofo/go-gameengine-ecs/archetype.go:119.65,121.3 1 1
github.com/marioolofo/go-gameengine-ecs/archetype.go:123.2,123.77 1 3338
github.com/marioolofo/go-gameengine-ecs/archetype.go:126.79,128.9 2 6671
github.com/marioolofo/go-gameengine-ecs/archetype.go:128.9,130.3 1 1
github.com/marioolofo/go-gameengine-ecs/archetype.go:132.2,132.66 1 6670
github.com/marioolofo/go-gameengine-ecs/archetype.go:132.66,134.3 1 1
github.com/marioolofo/go-gameengine-ecs/archetype.go:136.2,136.78 1 6669
github.com/marioolofo/go-gameengine-ecs/archetype.go:139.55,143.2 3 2
github.com/marioolofo/go-gameengine-ecs/archetype.go:145.78,146.26 1 10009
github.com/marioolofo/go-gameengine-ecs/archetype.go:146.26,148.3 1 3
github.com/marioolofo/go-gameengine-ecs/archetype.go:150.2,153.9 3 10006
github.com/marioolofo/go-gameengine-ecs/archetype.go:153.9,156.3 2 7
github.com/marioolofo/go-gameengine-ecs/archetype.go:157.2,157.13 1 10005
github.com/marioolofo/go-gameengine-ecs/archetype.go:162.36,167.2 3 10007
github.com/marioolofo/go-gameengine-ecs/archetype.go:169.98,172.25 3 10007
github.com/marioolofo/go-gameengine-ecs/archetype.go:172.25,174.3 1 3334
github.com/marioolofo/go-gameengine-ecs/archetype.go:176.2,177.11 2 6673
github.com/marioolofo/go-gameengine-ecs/archetype.go:177.11,179.3 1 4
github.com/marioolofo/go-gameengine-ecs/archetype.go:179.8,181.3 1 6669
github.com/marioolofo/go-gameengine-ecs/archetype.go:183.2,184.9 2 6673
github.com/marioolofo/go-gameengine-ecs/archetype.go:184.9,187.3 2 3
github.com/marioolofo/go-gameengine-ecs/archetype.go:189.2,191.11 2 6673
github.com/marioolofo/go-gameengine-ecs/archetype.go:191.11,194.3 2 4
github.com/marioolofo/go-gameengine-ecs/archetype.go:194.8,197.3 2 6669
github.com/marioolofo/go-gameengine-ecs/archetype.go:199.2,199.14 1 6673
github.com/marioolofo/go-gameengine-ecs/archetype.go:202.87,211.26 6 10007
github.com/marioolofo/go-gameengine-ecs/archetype.go:211.26,214.3 2 10005
github.com/marioolofo/go-gameengine-ecs/archetype.go:216.2,218.14 2 10007
github.com/marioolofo/go-gameengine-ecs/archetype.go:221.54,231.2 3 14
github.com/marioolofo/go-gameengine-ecs/archetype.go:233.61,238.26 4 10
github.com/marioolofo/go-gameengine-ecs/archetype.go:238.26,240.10 2 18
github.com/marioolofo/go-gameengine-ecs/archetype.go:240.10,241.101 1 1
github.com/marioolofo/go-gameengine-ecs/archetype.go:243.3,244.33 2 17
github.com/marioolofo/go-gameengine-ecs/archetype.go:247.2,247.14 1 9
github.com/marioolofo/go-gameengine-ecs/archetype.go:250.74,256.26 5 20015
github.com/marioolofo/go-gameengine-ecs/archetype.go:256.26,258.17 2 30019
github.com/marioolofo/go-gameengine-ecs/archetype.go:258.17,260.4 1 30019
github.com/marioolofo/go-gameengine-ecs/archetype.go:261.3,261.38 1 30019
github.com/marioolofo/go-gameengine-ecs/archetype.go:263.2,263.12 1 20015
github.com/marioolofo/go-gameengine-ecs/archetype.go:266.61,273.26 5 10009
github.com/marioolofo/go-gameengine-ecs/archetype.go:273.26,275.17 2 16677
github.com/marioolofo/go-gameengine-ecs/archetype.go:275.17,277.4 1 16677
github.com/marioolofo/go-gameengine-ecs/archetype.go:278.3,278.38 1 16677
github.com/marioolofo/go-gameengine-ecs/archetype.go:280.2,284.29 5 10009
github.com/marioolofo/go-gameengine-ecs/component.go:7.50,9.27 2 10015
github.com/marioolofo/go-gameengine-ecs/component.go:9.27,11.3 1 16706
github.com/marioolofo/go-gameengine-ecs/component.go:12.2,12.13 1 10015
github.com/marioolofo/go-gameengine-ecs/component_factory.go:40.45,46.2 1 4
github.com/marioolofo/go-gameengine-ecs/component_factory.go:48.61,49.35 1 11
github.com/marioolofo/go-gameengine-ecs/component_factory.go:49.35,50.40 1 1
github.com/marioolofo/go-gameengine-ecs/component_factory.go:53.2,55.29 3 10
github.com/marioolofo/go-gameengine-ecs/component_factory.go:58.82,63.8 4 1
github.com/marioolofo/go-gameengine-ecs/component_factory.go:63.8,65.3 1 1
github.com/marioolofo/go-gameengine-ecs/component_factory.go:67.2,67.16 1 1
github.com/marioolofo/go-gameengine-ecs/component_factory.go:70.79,71.31 1 19
github.com/marioolofo/go-gameengine-ecs/component_factory.go:71.31,73.3 1 1
github.com/marioolofo/go-gameengine-ecs/component_factory.go:75.2,75.32 1 18
github.com/marioolofo/go-gameengine-ecs/component_registry.go:22.68,29.18 3 9
github.com/marioolofo/go-gameengine-ecs/component_registry.go:29.18,31.4 1 19
github.com/marioolofo/go-gameengine-ecs/component_registry.go:38.77,47.18 4 1
github.com/marioolofo/go-gameengine-ecs/component_registry.go:47.18,49.4 1 2
github.com/marioolofo/go-gameengine-ecs/component_registry.go:58.43,60.2 1 1
github.com/marioolofo/go-gameengine-ecs/component_registry.go:62.56,64.2 1 2
github.com/marioolofo/go-gameengine-ecs/component_registry.go:66.69,68.8 2 1
github.com/marioolofo/go-gameengine-ecs/component_registry.go:68.8,70.3 1 1
github.com/marioolofo/go-gameengine-ecs/component_registry.go:71.2,71.11 1 1
github.com/marioolofo/go-gameengine-ecs/component_registry.go:74.66,77.2 2 1
github.com/marioolofo/go-gameengine-ecs/component_registry.go:79.45,79.46 0 0
github.com/marioolofo/go-gameengine-ecs/component_registry.go:81.45,81.46 0 0
github.com/marioolofo/go-gameengine-ecs/component_registry.go:83.39,86.2 2 1
github.com/marioolofo/go-gameengine-ecs/component_registry.go:88.51,97.2 3 1
github.com/marioolofo/go-gameengine-ecs/entity.go:27.42,30.2 2 12040
github.com/marioolofo/go-gameengine-ecs/entity.go:33.67,35.2 1 30
github.com/marioolofo/go-gameengine-ecs/entity.go:38.35,40.2 1 10156
github.com/marioolofo/go-gameengine-ecs/entity.go:43.32,45.2 1 3040
github.com/marioolofo/go-gameengine-ecs/entity.go:48.31,50.2 1 6072
github.com/marioolofo/go-gameengine-ecs/entity.go:53.45,55.2 1 1011
github.com/marioolofo/go-gameengine-ecs/entity.go:58.36,60.2 1 33
github.com/marioolofo/go-gameengine-ecs/entity.go:62.37,64.2 1 2
github.com/marioolofo/go-gameengine-ecs/entity.go:66.34,68.2 1 2
github.com/marioolofo/go-gameengine-ecs/entity.go:70.37,72.2 1 2
github.com/marioolofo/go-gameengine-ecs/entity.go:74.38,76.2 1 18
github.com/marioolofo/go-gameengine-ecs/entity.go:78.38,80.2 1 9
github.com/marioolofo/go-gameengine-ecs/entity.go:82.49,83.12 1 2
github.com/marioolofo/go-gameengine-ecs/entity.go:83.12,85.3 1 1
github.com/marioolofo/go-gameengine-ecs/entity.go:86.2,86.41 1 1
github.com/marioolofo/go-gameengine-ecs/entity.go:89.52,90.12 1 3
github.com/marioolofo/go-gameengine-ecs/entity.go:90.12,92.3 1 2
github.com/marioolofo/go-gameengine-ecs/entity.go:93.2,93.44 1 1
github.com/marioolofo/go-gameengine-ecs/entity.go:96.38,98.2 1 2
github.com/marioolofo/go-gameengine-ecs/entity.go:100.37,102.2 1 1
github.com/marioolofo/go-gameengine-ecs/entity.go:105.43,107.2 1 1010
github.com/marioolofo/go-gameengine-ecs/entity.go:109.40,111.2 1 18
github.com/marioolofo/go-gameengine-ecs/entity.go:113.40,115.2 1 9
github.com/marioolofo/go-gameengine-ecs/entitypool.go:35.48,36.21 1 5
github.com/marioolofo/go-gameengine-ecs/entitypool.go:36.21,38.3 1 2
github.com/marioolofo/go-gameengine-ecs/entitypool.go:39.2,45.11 2 5
github.com/marioolofo/go-gameengine-ecs/entitypool.go:48.37,49.21 1 12008
github.com/marioolofo/go-gameengine-ecs/entitypool.go:49.21,56.3 6 1000
github.com/marioolofo/go-gameengine-ecs/entitypool.go:58.2,60.15 3 11008
github.com/marioolofo/go-gameengine-ecs/entitypool.go:63.52,64.24 1 1003
github.com/marioolofo/go-gameengine-ecs/entitypool.go:64.24,66.3 1 1
github.com/marioolofo/go-gameengine-ecs/entitypool.go:67.2,73.13 5 1002
github.com/marioolofo/go-gameengine-ecs/entitypool.go:76.51,79.36 2 1011
github.com/marioolofo/go-gameengine-ecs/entitypool.go:79.36,81.3 1 1
github.com/marioolofo/go-gameengine-ecs/entitypool.go:82.2,82.57 1 1010
github.com/marioolofo/go-gameengine-ecs/mask.go:15.36,17.27 2 266
github.com/marioolofo/go-gameengine-ecs/mask.go:17.27,19.3 1 330
github.com/marioolofo/go-gameengine-ecs/mask.go:20.2,20.13 1 266
github.com/marioolofo/go-gameengine-ecs/mask.go:24.32,25.33 1 17050
github.com/marioolofo/go-gameengine-ecs/mask.go:25.33,27.3 1 17049
github.com/marioolofo/go-gameengine-ecs/mask.go:31.34,32.33 1 6684
github.com/marioolofo/go-gameengine-ecs/mask.go:32.33,34.3 1 6684
github.com/marioolofo/go-gameengine-ecs/mask.go:38.38,39.34 1 10078
github.com/marioolofo/go-gameengine-ecs/mask.go:39.34,41.3 1 1
github.com/marioolofo/go-gameengine-ecs/mask.go:42.2,42.37 1 10077
github.com/marioolofo/go-gameengine-ecs/mask.go:45.30,47.56 2 1
github.com/marioolofo/go-gameengine-ecs/mask.go:47.56,49.3 1 3
github.com/marioolofo/go-gameengine-ecs/mask.go:50.2,50.17 1 1
github.com/marioolofo/go-gameengine-ecs/mask.go:54.24,56.2 1 1
github.com/marioolofo/go-gameengine-ecs/mask.go:59.35,61.25 2 10007
github.com/marioolofo/go-gameengine-ecs/mask.go:61.25,63.3 1 40028
github.com/marioolofo/go-gameengine-ecs/mask.go:64.2,64.16 1 10007
github.com/marioolofo/go-gameengine-ecs/mask.go:68.39,69.24 1 5
github.com/marioolofo/go-gameengine-ecs/mask.go:69.24,70.18 1 14
github.com/marioolofo/go-gameengine-ecs/mask.go:70.18,72.4 1 2
github.com/marioolofo/go-gameengine-ecs/mask.go:74.2,74.13 1 3
github.com/marioolofo/go-gameengine-ecs/mask.go:78.35,80.22 2 1
github.com/marioolofo/go-gameengine-ecs/mask.go:80.22,82.3 1 4
github.com/marioolofo/go-gameengine-ecs/mask.go:83.2,83.18 1 1
github.com/marioolofo/go-gameengine-ecs/mask.go:99.53,105.12 5 217531
github.com/marioolofo/go-gameengine-ecs/mask.go:105.12,106.28 1 160548
github.com/marioolofo/go-gameengine-ecs/mask.go:106.28,108.4 1 120507
github.com/marioolofo/go-gameengine-ecs/mask.go:109.3,109.29 1 40041
github.com/marioolofo/go-gameengine-ecs/mask.go:111.2,111.14 1 56983
github.com/marioolofo/go-gameengine-ecs/mask.go:111.14,113.3 1 46709
github.com/marioolofo/go-gameengine-ecs/mask.go:115.2,117.23 2 10274
github.com/marioolofo/go-gameengine-ecs/mask.go:117.23,120.3 2 128
github.com/marioolofo/go-gameengine-ecs/mask.go:121.2,121.19 1 10274
github.com/marioolofo/go-gameengine-ecs/mask.go:121.19,124.3 2 130
github.com/marioolofo/go-gameengine-ecs/mask.go:125.2,125.17 1 10274
github.com/marioolofo/go-gameengine-ecs/mask.go:125.17,128.3 2 130
github.com/marioolofo/go-gameengine-ecs/mask.go:129.2,129.16 1 10274
github.com/marioolofo/go-gameengine-ecs/mask.go:129.16,132.3 2 129
github.com/marioolofo/go-gameengine-ecs/mask.go:133.2,133.16 1 10274
github.com/marioolofo/go-gameengine-ecs/mask.go:133.16,136.3 2 10141
github.com/marioolofo/go-gameengine-ecs/mask.go:138.2,140.28 2 10274
github.com/marioolofo/go-gameengine-ecs/query.go:21.35,22.35 1 4
github.com/marioolofo/go-gameengine-ecs/query.go:22.35,25.3 2 1
github.com/marioolofo/go-gameengine-ecs/query.go:27.2,27.38 1 3
github.com/marioolofo/go-gameengine-ecs/query.go:27.38,30.59 3 4
github.com/marioolofo/go-gameengine-ecs/query.go:30.59,35.4 4 2
github.com/marioolofo/go-gameengine-ecs/query.go:37.2,37.14 1 1
github.com/marioolofo/go-gameengine-ecs/query.go:41.71,43.2 1 1
github.com/marioolofo/go-gameengine-ecs/query.go:46.41,48.2 1 2
github.com/marioolofo/go-gameengine-ecs/query.go:51.33,55.2 3 2
github.com/marioolofo/go-gameengine-ecs/query.go:57.65,61.2 3 2
github.com/marioolofo/go-gameengine-ecs/storage.go:57.60,58.20 1 21
github.com/marioolofo/go-gameengine-ecs/storage.go:58.20,60.3 1 1
github.com/marioolofo/go-gameengine-ecs/storage.go:62.2,67.3 2 21
github.com/marioolofo/go-gameengine-ecs/storage.go:70.53,73.2 2 93389
github.com/marioolofo/go-gameengine-ecs/storage.go:75.62,76.33 1 12
github.com/marioolofo/go-gameengine-ecs/storage.go:76.33,78.3 1 1
github.com/marioolofo/go-gameengine-ecs/storage.go:79.2,80.8 2 11
github.com/marioolofo/go-gameengine-ecs/storage.go:80.8,83.3 2 11
github.com/marioolofo/go-gameengine-ecs/storage.go:84.2,84.11 1 11
github.com/marioolofo/go-gameengine-ecs/storage.go:87.59,91.2 3 36683
github.com/marioolofo/go-gameengine-ecs/storage.go:93.38,94.30 1 1
github.com/marioolofo/go-gameengine-ecs/storage.go:94.30,98.3 3 1
github.com/marioolofo/go-gameengine-ecs/storage.go:101.38,103.2 1 30021
github.com/marioolofo/go-gameengine-ecs/storage.go:105.30,108.2 2 1
github.com/marioolofo/go-gameengine-ecs/storage.go:110.42,119.2 3 2
github.com/marioolofo/go-gameengine-ecs/storage.go:121.43,122.33 1 30021
github.com/marioolofo/go-gameengine-ecs/storage.go:122.33,127.3 4 13
github.com/marioolofo/go-gameengine-ecs/storage_reflect.go:23.77,24.20 1 2
github.com/marioolofo/go-gameengine-ecs/storage_reflect.go:24.20,26.3 1 1
github.com/marioolofo/go-gameengine-ecs/storage_reflect.go:28.2,40.3 6 2
github.com/marioolofo/go-gameengine-ecs/storage_reflect.go:43.57,45.2 1 21
github.com/marioolofo/go-gameengine-ecs/storage_reflect.go:47.66,48.54 1 12
github.com/marioolofo/go-gameengine-ecs/storage_reflect.go:48.54,50.3 1 1
github.com/marioolofo/go-gameengine-ecs/storage_reflect.go:52.2,64.52 8 11
github.com/marioolofo/go-gameengine-ecs/storage_reflect.go:67.65,75.2 5 1
github.com/marioolofo/go-gameengine-ecs/storage_reflect.go:77.43,78.32 1 2
github.com/marioolofo/go-gameengine-ecs/storage_reflect.go:78.32,83.3 4 2
github.com/marioolofo/go-gameengine-ecs/storage_reflect.go:86.43,87.32 1 2
github.com/marioolofo/go-gameengine-ecs/storage_reflect.go:87.32,93.3 5 2
github.com/marioolofo/go-gameengine-ecs/storage_reflect.go:96.34,98.2 1 1
github.com/marioolofo/go-gameengine-ecs/storage_reflect.go:100.46,106.2 1 2
github.com/marioolofo/go-gameengine-ecs/world.go:56.42,64.2 3 1
github.com/marioolofo/go-gameengine-ecs/world.go:66.57,70.2 3 2
github.com/marioolofo/go-gameengine-ecs/world.go:72.40,75.2 2 1
github.com/marioolofo/go-gameengine-ecs/world.go:77.43,79.2 1 2
github.com/marioolofo/go-gameengine-ecs/world.go:81.66,83.2 1 1
github.com/marioolofo/go-gameengine-ecs/world.go:85.66,87.2 1 2
github.com/marioolofo/go-gameengine-ecs/world.go:89.82,92.2 2 1
github.com/marioolofo/go-gameengine-ecs/world.go:94.50,96.2 1 1
github.com/marioolofo/go-gameengine-ecs/world.go:98.46,100.2 1 2
