github.com/marioolofo/go-gameengine-ecs/archetype.go:52:		Component			100.0%
github.com/marioolofo/go-gameengine-ecs/archetype.go:71:		NewArchetypeGraph		100.0%
github.com/marioolofo/go-gameengine-ecs/archetype.go:82:		Add				100.0%
github.com/marioolofo/go-gameengine-ecs/archetype.go:94:		Rem				100.0%
github.com/marioolofo/go-gameengine-ecs/archetype.go:102:		Get				100.0%
github.com/marioolofo/go-gameengine-ecs/archetype.go:111:		AddComponent			100.0%
github.com/marioolofo/go-gameengine-ecs/archetype.go:126:		RemComponent			100.0%
github.com/marioolofo/go-gameengine-ecs/archetype.go:139:		Query				100.0%
github.com/marioolofo/go-gameengine-ecs/archetype.go:145:		findOrCreateArchetype		100.0%
github.com/marioolofo/go-gameengine-ecs/archetype.go:160:		updateEntityRelation		100.0%
github.com/marioolofo/go-gameengine-ecs/archetype.go:169:		findOrCreateConnection		100.0%
github.com/marioolofo/go-gameengine-ecs/archetype.go:202:		moveEntity			100.0%
github.com/marioolofo/go-gameengine-ecs/archetype.go:221:		newArchetype			100.0%
github.com/marioolofo/go-gameengine-ecs/archetype.go:233:		prepareNewArchetype		100.0%
github.com/marioolofo/go-gameengine-ecs/archetype.go:250:		getUnusedRow			100.0%
github.com/marioolofo/go-gameengine-ecs/archetype.go:266:		compressRow			100.0%
github.com/marioolofo/go-gameengine-ecs/component.go:7:			MakeComponentMask		100.0%
github.com/marioolofo/go-gameengine-ecs/component_factory.go:40:	NewComponentFactory		100.0%
github.com/marioolofo/go-gameengine-ecs/component_factory.go:48:	Register			100.0%
github.com/marioolofo/go-gameengine-ecs/component_factory.go:58:	GetByType			100.0%
github.com/marioolofo/go-gameengine-ecs/component_factory.go:70:	GetByID				100.0%
github.com/marioolofo/go-gameengine-ecs/component_registry.go:22:	NewComponentRegistry		100.0%
github.com/marioolofo/go-gameengine-ecs/component_registry.go:38:	NewSingletonComponentRegistry	100.0%
github.com/marioolofo/go-gameengine-ecs/component_registry.go:58:	newSingletonStorage		100.0%
github.com/marioolofo/go-gameengine-ecs/component_registry.go:62:	Get				100.0%
github.com/marioolofo/go-gameengine-ecs/component_registry.go:66:	Set				100.0%
github.com/marioolofo/go-gameengine-ecs/component_registry.go:74:	Copy				100.0%
github.com/marioolofo/go-gameengine-ecs/component_registry.go:79:	Shrink				0.0%
github.com/marioolofo/go-gameengine-ecs/component_registry.go:81:	Expand				0.0%
github.com/marioolofo/go-gameengine-ecs/component_registry.go:83:	Reset				100.0%
github.com/marioolofo/go-gameengine-ecs/component_registry.go:88:	Stats				100.0%
github.com/marioolofo/go-gameengine-ecs/entity.go:27:			MakeEntity			100.0%
github.com/marioolofo/go-gameengine-ecs/entity.go:33:			MakeEntityWithFlags		100.0%
github.com/marioolofo/go-gameengine-ecs/entity.go:38:			UInt64				100.0%
github.com/marioolofo/go-gameengine-ecs/entity.go:43:			Gen				100.0%
github.com/marioolofo/go-gameengine-ecs/entity.go:48:			ID				100.0%
github.com/marioolofo/go-gameengine-ecs/entity.go:53:			SetID				100.0%
github.com/marioolofo/go-gameengine-ecs/entity.go:58:			Flags				100.0%
github.com/marioolofo/go-gameengine-ecs/entity.go:62:			IsInstance			100.0%
github.com/marioolofo/go-gameengine-ecs/entity.go:66:			IsChild				100.0%
github.com/marioolofo/go-gameengine-ecs/entity.go:70:			IsDisabled			100.0%
github.com/marioolofo/go-gameengine-ecs/entity.go:74:			IsComponent			100.0%
github.com/marioolofo/go-gameengine-ecs/entity.go:78:			IsSingleton			100.0%
github.com/marioolofo/go-gameengine-ecs/entity.go:82:			ChildOf				100.0%
github.com/marioolofo/go-gameengine-ecs/entity.go:89:			InstanceOf			100.0%
github.com/marioolofo/go-gameengine-ecs/entity.go:96:			Disable				100.0%
github.com/marioolofo/go-gameengine-ecs/entity.go:100:			Enable				100.0%
github.com/marioolofo/go-gameengine-ecs/entity.go:105:			WithoutFlags			100.0%
github.com/marioolofo/go-gameengine-ecs/entity.go:109:			Component			100.0%
github.com/marioolofo/go-gameengine-ecs/entity.go:113:			Singleton			100.0%
github.com/marioolofo/go-gameengine-ecs/entitypool.go:35:		NewEntityPool			100.0%
github.com/marioolofo/go-gameengine-ecs/entitypool.go:48:		New				100.0%
github.com/marioolofo/go-gameengine-ecs/entitypool.go:63:		Recycle				100.0%
github.com/marioolofo/go-gameengine-ecs/entitypool.go:76:		IsAlive				100.0%
github.com/marioolofo/go-gameengine-ecs/mask.go:15:			MakeMask			100.0%
github.com/marioolofo/go-gameengine-ecs/mask.go:24:			Set				100.0%
github.com/marioolofo/go-gameengine-ecs/mask.go:31:			Clear				100.0%
github.com/marioolofo/go-gameengine-ecs/mask.go:38:			IsSet				100.0%
github.com/marioolofo/go-gameengine-ecs/mask.go:45:			IsEmpty				100.0%
github.com/marioolofo/go-gameengine-ecs/mask.go:54:			Reset				100.0%
github.com/marioolofo/go-gameengine-ecs/mask.go:59:			And				100.0%
github.com/marioolofo/go-gameengine-ecs/mask.go:68:			Contains			100.0%
github.com/marioolofo/go-gameengine-ecs/mask.go:78:			TotalBitsSet			100.0%
github.com/marioolofo/go-gameengine-ecs/mask.go:99:			NextBitSet			100.0%
github.com/marioolofo/go-gameengine-ecs/query.go:21:			Next				100.0%
github.com/marioolofo/go-gameengine-ecs/query.go:41:			Component			100.0%
github.com/marioolofo/go-gameengine-ecs/query.go:46:			Entity				100.0%
github.com/marioolofo/go-gameengine-ecs/query.go:51:			Restart				100.0%
github.com/marioolofo/go-gameengine-ecs/query.go:57:			prepare				100.0%
github.com/marioolofo/go-gameengine-ecs/storage.go:57:			NewStorage			100.0%
github.com/marioolofo/go-gameengine-ecs/storage.go:70:			Get				100.0%
github.com/marioolofo/go-gameengine-ecs/storage.go:75:			Set				100.0%
github.com/marioolofo/go-gameengine-ecs/storage.go:87:			Copy				100.0%
github.com/marioolofo/go-gameengine-ecs/storage.go:93:			Shrink				100.0%
github.com/marioolofo/go-gameengine-ecs/storage.go:101:			Expand				100.0%
github.com/marioolofo/go-gameengine-ecs/storage.go:105:			Reset				100.0%
github.com/marioolofo/go-gameengine-ecs/storage.go:110:			Stats				100.0%
github.com/marioolofo/go-gameengine-ecs/storage.go:121:			ensureCap			100.0%
github.com/marioolofo/go-gameengine-ecs/storage_reflect.go:23:		NewStorageReflect		100.0%
github.com/marioolofo/go-gameengine-ecs/storage_reflect.go:43:		Get				100.0%
github.com/marioolofo/go-gameengine-ecs/storage_reflect.go:47:		Set				100.0%
github.com/marioolofo/go-gameengine-ecs/storage_reflect.go:67:		Copy				100.0%
github.com/marioolofo/go-gameengine-ecs/storage_reflect.go:77:		Shrink				100.0%
github.com/marioolofo/go-gameengine-ecs/storage_reflect.go:86:		Expand				100.0%
github.com/marioolofo/go-gameengine-ecs/storage_reflect.go:96:		Reset				100.0%
github.com/marioolofo/go-gameengine-ecs/storage_reflect.go:100:		Stats				100.0%
github.com/marioolofo/go-gameengine-ecs/world.go:56:			NewWorld			100.0%
github.com/marioolofo/go-gameengine-ecs/world.go:66:			NewEntity			100.0%
github.com/marioolofo/go-gameengine-ecs/world.go:72:			RemEntity			100.0%
github.com/marioolofo/go-gameengine-ecs/world.go:77:			IsAlive				100.0%
github.com/marioolofo/go-gameengine-ecs/world.go:81:			AddComponent			100.0%
github.com/marioolofo/go-gameengine-ecs/world.go:85:			RemComponent			100.0%
github.com/marioolofo/go-gameengine-ecs/world.go:89:			Component			100.0%
github.com/marioolofo/go-gameengine-ecs/world.go:94:			Register			100.0%
github.com/marioolofo/go-gameengine-ecs/world.go:98:			Query				100.0%
total:									(statements)			100.0%
